================================================================================
📋 模块2运行参数
================================================================================
运行时间: 2025-12-14 20:52:36
输入文件: /home/lixiaotong/阿里云/VQA-Data-Generator/output/module1/output.jsonl
输出文件: /home/lixiaotong/阿里云/VQA-Data-Generator/output/module2/测试问题
并发线程数: 5
批量保存大小: 10
调试模式: True
================================================================================


================================================================================
📌 问题 #1 - question_id: 13365_essay_0
类型: 单轮问题
问题预览: 【题型】问答题
【图片类型】pure_text
【问题】根据会议部署，2023年工作重点中哪一项包含‘修订绿色产业发展指导目录’且与‘推动形成绿色低碳的生产方式和生活方式’直接关联？
================================================================================

================================================================================
📌 问题 #2 - question_id: 4056_essay_0
类型: 单轮问题
问题预览: 【题型】问答题
【图片类型】mixed
【问题】根据图7和图8，计算在五次债务上限周期中，高收益利差在解决后30个交易日的平均涨幅与解决前30个交易日的平均涨幅之差（单位：BP）。
================================================================================

================================================================================
📌 问题 #3 - question_id: 20024_essay_0
类型: 单轮问题
问题预览: 【题型】问答题
【图片类型】mixed
【问题】根据图表25与图表27，计算2021H2民营房企资产负债率同比增幅相对于房地产投资累计同比降幅的倍数。（注：图表25右轴2021H2数值为82%，2020H2为76%；图表27蓝线2021H2数值为-5%）
================================================================================

================================================================================
📌 问题 #4 - question_id: 181_essay_0
类型: 单轮问题
问题预览: 【题型】问答题
【图片类型】mixed
【问题】根据图表2、图表3及文字说明，计算2023年8月季调后PMI综合指数相对于2023年5月的环比变化幅度，并结合8月生产子指数与新订单子指数的变动，确定哪一项对综合指数回升的拉动贡献更大。
================================================================================

================================================================================
📌 问题 #5 - question_id: 5952_essay_0
类型: 单轮问题
问题预览: 【题型】问答题
【图片类型】pure_text
【问题】根据图中文字标注，2023年1月我国外汇占款环比增加额与连续微升月份数的乘积是多少？
================================================================================

================================================================================
📊 评估统计
================================================================================
总样本数: 15
  - 正常处理: 15 (100.0%)

[model1] 准确率: 4/15 (26.7%)
[model2] 准确率: 5/15 (33.3%)
[model3] 准确率: 5/15 (33.3%)

按 question_type 统计正确率（基于裁判结果 match_gt）:
  题型 判断题:
    - model1: 4/5 (80.0%)
    - model2: 5/5 (100.0%)
    - model3: 5/5 (100.0%)
  题型 essay:
    - model1: 0/5 (0.0%)
    - model2: 0/5 (0.0%)
    - model3: 0/5 (0.0%)
  题型 问答题:
    - model1: 0/5 (0.0%)
    - model2: 0/5 (0.0%)
    - model3: 0/5 (0.0%)

按 image_type 统计正确率:
  图片类型 pure_image:
    - model1: 4/5 (80.0%)
    - model2: 5/5 (100.0%)
    - model3: 5/5 (100.0%)
  图片类型 mixed:
    - model1: 0/8 (0.0%)
    - model2: 0/8 (0.0%)
    - model3: 0/8 (0.0%)
  图片类型 pure_text:
    - model1: 0/2 (0.0%)
    - model2: 0/2 (0.0%)
    - model3: 0/2 (0.0%)

难度分布（L1-L4）:
  L1: 4 (26.7%)
  L2: 1 (6.7%)
  L4: 10 (66.7%)
================================================================================

================================================================================
📁 输出文件信息
================================================================================
输出目录: /home/lixiaotong/阿里云/VQA-Data-Generator/output/module2/测试问题
包含文件: L1.json, L2.json, L3.json, L4.json, summary.json
================================================================================
================================================================================
日志结束时间: 2025-12-14 20:52:37
================================================================================
