================================================================================
📋 模块2运行参数
================================================================================
运行时间: 2025-12-14 21:00:40
输入文件: /home/lixiaotong/阿里云/VQA-Data-Generator/output/module1/output.jsonl
输出文件: /home/lixiaotong/阿里云/VQA-Data-Generator/output/module2/测试问题
并发线程数: 5
批量保存大小: 10
调试模式: True
================================================================================


================================================================================
📌 问题 #1 - question_id: 25258_essay_0
类型: 单轮问题
问题预览: 【题型】问答题
【图片类型】pure_image
【问题】根据图4及下表提供的南华金属指数与南华能化指数在2022-10-31和2023-01-31的精确数值，计算该时段内南华金属指数涨幅与南华能化指数涨幅的差值绝对值（单位：点）。

| 指数名称       | 2022-10-31 | 2023-01-31 |
|----------------|------------|----------
================================================================================

================================================================================
📌 问题 #2 - question_id: 29003_essay_0
类型: 单轮问题
问题预览: 【题型】问答题
【图片类型】pure_text
【问题】下图为某区域国有上市公司的四维评估雷达图，其中‘股东股权集中度’为65%，‘股权激励落地次数’为3次。根据图中各维度指标定义，该公司最符合哪个评估维度？
================================================================================

================================================================================
📌 问题 #3 - question_id: 4083_essay_0
类型: 单轮问题
问题预览: 【题型】问答题
【图片类型】pure_text
【问题】根据文本，美国ISM制造业指数50.2较荣枯线50偏离0.2，若该偏离幅度占当周美元指数110.78的百分比为多少？（保留两位小数）
================================================================================

================================================================================
📌 问题 #4 - question_id: 31712_essay_0
类型: 单轮问题
问题预览: 【题型】问答题
【图片类型】mixed
【问题】根据图中2023年4月美国核心CPI商品同比增速为1.6%（已在左图右轴明确标注），并结合该月环比增速为0.3%（右下图右侧子图2023年4月数据点标注），计算2023年4月核心CPI商品价格指数相对于2022年4月的累计变动幅度。
================================================================================

================================================================================
📌 问题 #5 - question_id: 16656_essay_0
类型: 单轮问题
问题预览: 【题型】问答题
【图片类型】mixed
【问题】根据图6注释及文字说明，城市达峰比例于2022年12月29日由0升至1，而省达峰比例已于12月25日达到1。请计算从12月25日至12月29日这4天内，城市达峰比例的日均增量（以百分点计）。
================================================================================

================================================================================
📊 评估统计
================================================================================
总样本数: 20
  - 正常处理: 20 (100.0%)

[model1] 准确率: 4/20 (20.0%)
[model2] 准确率: 5/20 (25.0%)
[model3] 准确率: 5/20 (25.0%)

按 question_type 统计正确率（基于裁判结果 match_gt）:
  题型 判断题:
    - model1: 4/5 (80.0%)
    - model2: 5/5 (100.0%)
    - model3: 5/5 (100.0%)
  题型 essay:
    - model1: 0/5 (0.0%)
    - model2: 0/5 (0.0%)
    - model3: 0/5 (0.0%)
  题型 问答题:
    - model1: 0/10 (0.0%)
    - model2: 0/10 (0.0%)
    - model3: 0/10 (0.0%)

按 image_type 统计正确率:
  图片类型 pure_image:
    - model1: 4/6 (66.7%)
    - model2: 5/6 (83.3%)
    - model3: 5/6 (83.3%)
  图片类型 mixed:
    - model1: 0/10 (0.0%)
    - model2: 0/10 (0.0%)
    - model3: 0/10 (0.0%)
  图片类型 pure_text:
    - model1: 0/4 (0.0%)
    - model2: 0/4 (0.0%)
    - model3: 0/4 (0.0%)

难度分布（L1-L4）:
  L1: 4 (20.0%)
  L2: 1 (5.0%)
  L4: 15 (75.0%)
================================================================================

================================================================================
📁 输出文件信息
================================================================================
输出目录: /home/lixiaotong/阿里云/VQA-Data-Generator/output/module2/测试问题
包含文件: L1.json, L2.json, L3.json, L4.json, summary.json
================================================================================
================================================================================
日志结束时间: 2025-12-14 21:00:42
================================================================================
