================================================================================
📋 模块2运行参数
================================================================================
运行时间: 2025-12-14 21:05:39
输入文件: /home/lixiaotong/阿里云/VQA-Data-Generator/output/module1/output.jsonl
输出文件: /home/lixiaotong/阿里云/VQA-Data-Generator/output/module2/测试问题
并发线程数: 5
批量保存大小: 10
调试模式: True
================================================================================


================================================================================
📌 问题 #1 - question_id: 12092_essay_0
类型: 单轮问题
问题预览: 【题型】问答题
【图片类型】mixed
【问题】根据图表19与图表20，计算2026年《芯片法案》中‘研究与创新法案相关支出’占该法案当年总投资税收抵免支出的比例。
================================================================================

================================================================================
📌 问题 #2 - question_id: 9058_essay_0
类型: 单轮问题
问题预览: 【题型】问答题
【图片类型】mixed
【问题】根据图2柱状图及注释，计算2023年7月三大目的地出口同比降幅相对于6月的变化值，并指出该变化主要受哪个地区影响。
================================================================================

================================================================================
📌 问题 #3 - question_id: 13723_essay_0
类型: 单轮问题
问题预览: 【题型】问答题
【图片类型】mixed
【问题】根据图5与图6中截至2023年3月31日的指数点位及周涨幅数据，计算标准普尔500指数相对于道琼斯工业平均指数的周涨幅差值（以百分点计）。
================================================================================

================================================================================
📌 问题 #4 - question_id: 15676_essay_0
类型: 单轮问题
问题预览: 【题型】问答题
【图片类型】mixed
【问题】根据图31中2023年标注的10年美债利率与有效联邦基金利率峰值位置，结合文字说明中‘历史上10年美债利率顶点往往领先政策利率’的规律，计算两者峰值时间差（以季度为单位）。
================================================================================

================================================================================
📌 问题 #5 - question_id: 9343_essay_0
类型: 单轮问题
问题预览: 【题型】问答题
【图片类型】mixed
【问题】根据图1，美国商业库存总额同比（蓝色线）首次由负值转为正值发生在哪个季度？该时点与产出缺口（红色线）触底回升的时点相比，是同步、领先还是滞后？
================================================================================

================================================================================
📊 评估统计
================================================================================
总样本数: 25
  - 正常处理: 25 (100.0%)

[model1] 准确率: 4/25 (16.0%)
[model2] 准确率: 5/25 (20.0%)
[model3] 准确率: 5/25 (20.0%)

按 question_type 统计正确率（基于裁判结果 match_gt）:
  题型 判断题:
    - model1: 4/5 (80.0%)
    - model2: 5/5 (100.0%)
    - model3: 5/5 (100.0%)
  题型 essay:
    - model1: 0/5 (0.0%)
    - model2: 0/5 (0.0%)
    - model3: 0/5 (0.0%)
  题型 问答题:
    - model1: 0/15 (0.0%)
    - model2: 0/15 (0.0%)
    - model3: 0/15 (0.0%)

按 image_type 统计正确率:
  图片类型 pure_image:
    - model1: 4/6 (66.7%)
    - model2: 5/6 (83.3%)
    - model3: 5/6 (83.3%)
  图片类型 mixed:
    - model1: 0/15 (0.0%)
    - model2: 0/15 (0.0%)
    - model3: 0/15 (0.0%)
  图片类型 pure_text:
    - model1: 0/4 (0.0%)
    - model2: 0/4 (0.0%)
    - model3: 0/4 (0.0%)

难度分布（L1-L4）:
  L1: 4 (16.0%)
  L2: 1 (4.0%)
  L4: 20 (80.0%)
================================================================================

================================================================================
📁 输出文件信息
================================================================================
输出目录: /home/lixiaotong/阿里云/VQA-Data-Generator/output/module2/测试问题
包含文件: L1.json, L2.json, L3.json, L4.json, summary.json
================================================================================
================================================================================
日志结束时间: 2025-12-14 21:05:41
================================================================================
