================================================================================
📋 模块2运行参数
================================================================================
运行时间: 2025-12-10 17:21:19
输入文件: /home/lixiaotong/阿里云/VQA-Data-Generator/output/module1/output.jsonl
输出文件: /home/lixiaotong/阿里云/VQA-Data-Generator/output/module2/测试问题
并发线程数: 1
批量保存大小: 10
调试模式: True
================================================================================


================================================================================
📌 问题 #1 - question_id: 16019_adv
类型: 单轮问题
问题预览: 【题型】essay
【图片类型】mixed
【问题】基于图表54的折线图趋势、文字说明中2021年日本广义政府杠杆率数据及债务承担结构描述，推导该年日本中央政府杠杆率的整数值（单位：%）。
================================================================================

================================================================================
📌 问题 #2 - question_id: 16015_adv
类型: 单轮问题
问题预览: 【题型】essay
【图片类型】mixed
【问题】解析失败
================================================================================

================================================================================
📌 问题 #3 - question_id: 16023_adv
类型: 单轮问题
问题预览: 【题型】essay
【图片类型】mixed
【问题】2023年4月，16-24岁人口调查失业率同比上升的百分点数与一般预算支出中基建类占比同比下降的百分点数的比值是多少？
================================================================================

================================================================================
📌 问题 #4 - question_id: 16018_adv
类型: 单轮问题
问题预览: 【题型】essay
【图片类型】mixed
【问题】基于图表51标题明确的政策分类框架，结合图表50中关键措施的量化统计，计算2022年地方产业政策对提升'造血能力'的综合支撑度（公式：综合支撑度=政策数量×关键措施提及频次）。需完成以下步骤：(1)根据图表51标题确认'产业突围'对应战略新兴产业政策；(2)从图表50'主要内容'列中，统计每类政策对应'技术升级''产业集群''数字化转型'等关键措
================================================================================

================================================================================
📌 问题 #5 - question_id: 16016_adv
类型: 单轮问题
问题预览: 【题型】essay
【图片类型】mixed
【问题】基于图表36的国债持有者分布及图例说明，日本央行持有的比例比保险机构与银行持有比例之和高出多少个百分点？
================================================================================

================================================================================
📊 评估统计
================================================================================
总样本数: 10
  - 正常处理: 10 (100.0%)

[model1] 准确率: 4/10 (40.0%)
[model2] 准确率: 5/10 (50.0%)
[model3] 准确率: 5/10 (50.0%)

按 question_type 统计正确率（基于裁判结果 match_gt）:
  题型 判断题:
    - model1: 4/5 (80.0%)
    - model2: 5/5 (100.0%)
    - model3: 5/5 (100.0%)
  题型 essay:
    - model1: 0/5 (0.0%)
    - model2: 0/5 (0.0%)
    - model3: 0/5 (0.0%)

按 image_type 统计正确率:
  图片类型 pure_image:
    - model1: 4/5 (80.0%)
    - model2: 5/5 (100.0%)
    - model3: 5/5 (100.0%)
  图片类型 mixed:
    - model1: 0/5 (0.0%)
    - model2: 0/5 (0.0%)
    - model3: 0/5 (0.0%)

难度分布（L1-L4）:
  L1: 4 (40.0%)
  L2: 1 (10.0%)
  L4: 5 (50.0%)
================================================================================

================================================================================
📁 输出文件信息
================================================================================
输出目录: /home/lixiaotong/阿里云/VQA-Data-Generator/output/module2/测试问题
包含文件: L1.json, L2.json, L3.json, L4.json, summary.json
================================================================================
================================================================================
日志结束时间: 2025-12-10 17:21:24
================================================================================
